#
# There is insufficient memory for the Java Runtime Environment to continue.
# Native memory allocation (mmap) failed to map 123731968 bytes for G1 virtual space
# Possible reasons:
#   The system is out of physical RAM or swap space
#   The process is running with CompressedOops enabled, and the Java Heap may be blocking the growth of the native heap
# Possible solutions:
#   Reduce memory load on the system
#   Increase physical memory or swap space
#   Check if swap backing store is full
#   Decrease Java heap size (-Xmx/-Xms)
#   Decrease number of Java threads
#   Decrease Java thread stack sizes (-Xss)
#   Set larger code cache with -XX:ReservedCodeCacheSize=
#   JVM is running with Unscaled Compressed Oops mode in which the Java heap is
#     placed in the first 4GB address space. The Java Heap base address is the
#     maximum limit for the native heap growth. Please use -XX:HeapBaseMinAddress
#     to set the Java Heap base and to place the Java Heap above 4GB virtual address.
# This output file may be truncated or incomplete.
#
#  Out of Memory Error (os_windows.cpp:3600), pid=27572, tid=29008
#
# JRE version:  (21.0.2+13) (build )
# Java VM: Java HotSpot(TM) 64-Bit Server VM (21.0.2+13-LTS-58, mixed mode, sharing, tiered, compressed oops, compressed class ptrs, g1 gc, windows-amd64)
# No core dump will be written. Minidumps are not enabled by default on client versions of Windows
#

---------------  S U M M A R Y ------------

Command Line: -javaagent:C:\Program Files\JetBrains\IntelliJ IDEA Community Edition 2022.3\lib\idea_rt.jar=52137:C:\Program Files\JetBrains\IntelliJ IDEA Community Edition 2022.3\bin -Dfile.encoding=UTF-8 -Dsun.stdout.encoding=UTF-8 -Dsun.stderr.encoding=UTF-8 calculator.Main

Host: AMD Ryzen 5 5600H with Radeon Graphics         , 12 cores, 7G,  Windows 11 , 64 bit Build 22621 (10.0.22621.4391)
Time: Fri Jan  3 19:44:12 2025 SE Asia Standard Time elapsed time: 0.016071 seconds (0d 0h 0m 0s)

---------------  T H R E A D  ---------------

Current thread (0x00000127ac0e4e40):  JavaThread "Unknown thread" [_thread_in_vm, id=29008, stack(0x000000106ce00000,0x000000106cf00000) (1024K)]

Stack: [0x000000106ce00000,0x000000106cf00000]
Native frames: (J=compiled Java code, j=interpreted, Vv=VM code, C=native code)
V  [jvm.dll+0x6cade9]
V  [jvm.dll+0x8569c1]
V  [jvm.dll+0x858d2e]
V  [jvm.dll+0x859413]
V  [jvm.dll+0x280e56]
V  [jvm.dll+0x6c74d5]
V  [jvm.dll+0x6bbeca]
V  [jvm.dll+0x355bca]
V  [jvm.dll+0x35d816]
V  [jvm.dll+0x3ae67e]
V  [jvm.dll+0x3ae928]
V  [jvm.dll+0x3295dc]
V  [jvm.dll+0x32a16b]
V  [jvm.dll+0x81efa9]
V  [jvm.dll+0x3bba01]
V  [jvm.dll+0x807928]
V  [jvm.dll+0x44f50e]
V  [jvm.dll+0x450e11]
C  [jli.dll+0x52a3]
C  [ucrtbase.dll+0x29333]
C  [KERNEL32.DLL+0x1259d]
C  [ntdll.dll+0x5af38]


---------------  P R O C E S S  ---------------

Threads class SMR info:
_java_thread_list=0x00007ffa85e9bb88, length=0, elements={
}

Java Threads: ( => current thread )
Total: 0

Other Threads:
  0x00000127ac137ce0 WorkerThread "GC Thread#0"                     [id=25308, stack(0x000000106cf00000,0x000000106d000000) (1024K)]
  0x00000127ac149dd0 ConcurrentGCThread "G1 Main Marker"            [id=17744, stack(0x000000106d000000,0x000000106d100000) (1024K)]
  0x00000127ac14b070 WorkerThread "G1 Conc#0"                       [id=8328, stack(0x000000106d100000,0x000000106d200000) (1024K)]

[error occurred during error reporting (printing all threads), id 0xc0000005, EXCEPTION_ACCESS_VIOLATION (0xc0000005) at pc=0x00007ffa8560c6a7]
VM state: not at safepoint (not fully initialized)

VM Mutex/Monitor currently owned by a thread:  ([mutex/lock_event])
[0x00007ffa85f0ce68] Heap_lock - owner thread: 0x00000127ac0e4e40

Heap address: 0x000000008a600000, size: 1882 MB, Compressed Oops mode: 32-bit

CDS archive(s) mapped at: [0x0000000000000000-0x0000000000000000-0x0000000000000000), size 0, SharedBaseAddress: 0x0000000800000000, ArchiveRelocationMode: 1.
Narrow klass base: 0x0000000000000000, Narrow klass shift: 0, Narrow klass range: 0x0

GC Precious Log:
 CardTable entry size: 512
 Card Set container configuration: InlinePtr #cards 5 size 8 Array Of Cards #cards 12 size 40 Howl #buckets 4 coarsen threshold 1843 Howl Bitmap #cards 512 size 80 coarsen threshold 460 Card regions per heap region 1 cards per card region 2048

Heap:
 garbage-first heap   total 0K, used 0K [0x000000008a600000, 0x0000000100000000)
  region size 1024K, 0 young (0K), 0 survivors (0K)

[error occurred during error reporting (printing heap information), id 0xc0000005, EXCEPTION_ACCESS_VIOLATION (0xc0000005) at pc=0x00007ffa859f39f9]
GC Heap History (0 events):
No events

Dll operation events (1 events):
Event: 0.011 Loaded shared library C:\Program Files\Java\jdk-21\bin\java.dll

Deoptimization events (0 events):
No events

Classes loaded (0 events):
No events

Classes unloaded (0 events):
No events

Classes redefined (0 events):
No events

Internal exceptions (0 events):
No events

ZGC Phase Switch (0 events):
No events

VM Operations (0 events):
No events

Events (0 events):
No events


Dynamic libraries:
0x00007ff7fdb40000 - 0x00007ff7fdb50000 	C:\Program Files\Java\jdk-21\bin\java.exe
0x00007ffb44330000 - 0x00007ffb44547000 	C:\WINDOWS\SYSTEM32\ntdll.dll
0x00007ffb42f20000 - 0x00007ffb42fe4000 	C:\WINDOWS\System32\KERNEL32.DLL
0x00007ffb41790000 - 0x00007ffb41b4a000 	C:\WINDOWS\System32\KERNELBASE.dll
0x00007ffb41b50000 - 0x00007ffb41c61000 	C:\WINDOWS\System32\ucrtbase.dll
0x00007ffb1c280000 - 0x00007ffb1c299000 	C:\Program Files\Java\jdk-21\bin\jli.dll
0x00007ffb17330000 - 0x00007ffb1734b000 	C:\Program Files\Java\jdk-21\bin\VCRUNTIME140.dll
0x00007ffb43260000 - 0x00007ffb43312000 	C:\WINDOWS\System32\ADVAPI32.dll
0x00007ffb42ae0000 - 0x00007ffb42b87000 	C:\WINDOWS\System32\msvcrt.dll
0x00007ffb42910000 - 0x00007ffb429b7000 	C:\WINDOWS\System32\sechost.dll
0x00007ffb41f80000 - 0x00007ffb41fa8000 	C:\WINDOWS\System32\bcrypt.dll
0x00007ffb438b0000 - 0x00007ffb439c4000 	C:\WINDOWS\System32\RPCRT4.dll
0x00007ffb43360000 - 0x00007ffb4350e000 	C:\WINDOWS\System32\USER32.dll
0x00007ffb41760000 - 0x00007ffb41786000 	C:\WINDOWS\System32\win32u.dll
0x00007ffb2e0a0000 - 0x00007ffb2e332000 	C:\WINDOWS\WinSxS\amd64_microsoft.windows.common-controls_6595b64144ccf1df_6.0.22621.4541_none_2710d1c57384c085\COMCTL32.dll
0x00007ffb43320000 - 0x00007ffb43349000 	C:\WINDOWS\System32\GDI32.dll
0x00007ffb41c70000 - 0x00007ffb41d8b000 	C:\WINDOWS\System32\gdi32full.dll
0x00007ffb416c0000 - 0x00007ffb4175a000 	C:\WINDOWS\System32\msvcp_win.dll
0x00007ffb3a410000 - 0x00007ffb3a41a000 	C:\WINDOWS\SYSTEM32\VERSION.dll
0x00007ffb44190000 - 0x00007ffb441c1000 	C:\WINDOWS\System32\IMM32.DLL
0x00007ffb2c090000 - 0x00007ffb2c09c000 	C:\Program Files\Java\jdk-21\bin\vcruntime140_1.dll
0x00007ffafa870000 - 0x00007ffafa8fe000 	C:\Program Files\Java\jdk-21\bin\msvcp140.dll
0x00007ffa852d0000 - 0x00007ffa85fe7000 	C:\Program Files\Java\jdk-21\bin\server\jvm.dll
0x00007ffb43b20000 - 0x00007ffb43b91000 	C:\WINDOWS\System32\WS2_32.dll
0x00007ffb414d0000 - 0x00007ffb4151d000 	C:\WINDOWS\SYSTEM32\POWRPROF.dll
0x00007ffb3cdc0000 - 0x00007ffb3cdf4000 	C:\WINDOWS\SYSTEM32\WINMM.dll
0x00007ffb414b0000 - 0x00007ffb414c3000 	C:\WINDOWS\SYSTEM32\UMPDC.dll
0x00007ffb40640000 - 0x00007ffb40658000 	C:\WINDOWS\SYSTEM32\kernel.appcore.dll
0x00007ffb2c030000 - 0x00007ffb2c03a000 	C:\Program Files\Java\jdk-21\bin\jimage.dll
0x00007ffb38260000 - 0x00007ffb38492000 	C:\WINDOWS\SYSTEM32\DBGHELP.DLL
0x00007ffb43510000 - 0x00007ffb4389f000 	C:\WINDOWS\System32\combase.dll
0x00007ffb43080000 - 0x00007ffb43157000 	C:\WINDOWS\System32\OLEAUT32.dll
0x00007ffb1d980000 - 0x00007ffb1d9b2000 	C:\WINDOWS\SYSTEM32\dbgcore.DLL
0x00007ffb41fb0000 - 0x00007ffb4202b000 	C:\WINDOWS\System32\bcryptPrimitives.dll
0x00007ffb2aa10000 - 0x00007ffb2aa1f000 	C:\Program Files\Java\jdk-21\bin\instrument.dll
0x00007ffb143c0000 - 0x00007ffb143df000 	C:\Program Files\Java\jdk-21\bin\java.dll

dbghelp: loaded successfully - version: 4.0.5 - missing functions: none
symbol engine: initialized successfully - sym options: 0x614 - pdb path: .;C:\Program Files\Java\jdk-21\bin;C:\WINDOWS\SYSTEM32;C:\WINDOWS\WinSxS\amd64_microsoft.windows.common-controls_6595b64144ccf1df_6.0.22621.4541_none_2710d1c57384c085;C:\Program Files\Java\jdk-21\bin\server

VM Arguments:
jvm_args: -javaagent:C:\Program Files\JetBrains\IntelliJ IDEA Community Edition 2022.3\lib\idea_rt.jar=52137:C:\Program Files\JetBrains\IntelliJ IDEA Community Edition 2022.3\bin -Dfile.encoding=UTF-8 -Dsun.stdout.encoding=UTF-8 -Dsun.stderr.encoding=UTF-8 
java_command: calculator.Main
java_class_path (initial): D:\CALCULATOR\out\production\CALCULATOR
Launcher Type: SUN_STANDARD

[Global flags]
     intx CICompilerCount                          = 4                                         {product} {ergonomic}
     uint ConcGCThreads                            = 3                                         {product} {ergonomic}
     uint G1ConcRefinementThreads                  = 10                                        {product} {ergonomic}
   size_t G1HeapRegionSize                         = 1048576                                   {product} {ergonomic}
    uintx GCDrainStackTargetSize                   = 64                                        {product} {ergonomic}
   size_t InitialHeapSize                          = 123731968                                 {product} {ergonomic}
   size_t MarkStackSize                            = 4194304                                   {product} {ergonomic}
   size_t MaxHeapSize                              = 1973420032                                {product} {ergonomic}
   size_t MinHeapDeltaBytes                        = 1048576                                   {product} {ergonomic}
   size_t MinHeapSize                              = 8388608                                   {product} {ergonomic}
    uintx NonNMethodCodeHeapSize                   = 5839372                                {pd product} {ergonomic}
    uintx NonProfiledCodeHeapSize                  = 122909434                              {pd product} {ergonomic}
    uintx ProfiledCodeHeapSize                     = 122909434                              {pd product} {ergonomic}
    uintx ReservedCodeCacheSize                    = 251658240                              {pd product} {ergonomic}
     bool SegmentedCodeCache                       = true                                      {product} {ergonomic}
   size_t SoftMaxHeapSize                          = 1973420032                             {manageable} {ergonomic}
     bool UseCompressedOops                        = true                           {product lp64_product} {ergonomic}
     bool UseG1GC                                  = true                                      {product} {ergonomic}
     bool UseLargePagesIndividualAllocation        = false                                  {pd product} {ergonomic}

Logging:
Log output configuration:
 #0: stdout all=warning uptime,level,tags foldmultilines=false
 #1: stderr all=off uptime,level,tags foldmultilines=false

Environment Variables:
PATH=C:\Program Files\Common Files\Oracle\Java\javapath;C:\Program Files (x86)\Common Files\Oracle\Java\javapath;C:\windows\system32;C:\windows;C:\windows\System32\Wbem;C:\windows\System32\WindowsPowerShell\v1.0\;C:\windows\System32\OpenSSH\;C:\Program Files (x86)\NVIDIA Corporation\PhysX\Common;C:\Program Files\NVIDIA Corporation\NVIDIA NvDLISR;C:\WINDOWS\system32;C:\WINDOWS;C:\WINDOWS\System32\Wbem;C:\WINDOWS\System32\WindowsPowerShell\v1.0\;C:\WINDOWS\System32\OpenSSH\;C:\Program Files\Java\jdk-21\bin;C:\Program Files\HP\HP One Agent;C:\Program Files (x86)\Microsoft SQL Server\160\Tools\Binn\;C:\Program Files\Microsoft SQL Server\160\Tools\Binn\;C:\Program Files\Microsoft SQL Server\Client SDK\ODBC\170\Tools\Binn\;C:\Program Files\Microsoft SQL Server\160\DTS\Binn\;C:\Program Files (x86)\Microsoft SQL Server\160\DTS\Binn\;C:\Program Files\Git\cmd;C:\Users\HP\AppData\Local\Microsoft\WindowsApps;C:\Users\HP\AppData\Local\Programs\Microsoft VS Code\bin;C:\Program Files\JetBrains\IntelliJ IDEA Community Edition 2022.3\bin;;C:\Users\HP\AppData\Local\GitHubDesktop\bin
USERNAME=HP
OS=Windows_NT
PROCESSOR_IDENTIFIER=AMD64 Family 25 Model 80 Stepping 0, AuthenticAMD
TMP=C:\Users\HP\AppData\Local\Temp
TEMP=C:\Users\HP\AppData\Local\Temp




Periodic native trim disabled

---------------  S Y S T E M  ---------------

OS:
 Windows 11 , 64 bit Build 22621 (10.0.22621.4391)
OS uptime: 4 days 7:54 hours

CPU: total 12 (initial active 12) (12 cores per cpu, 2 threads per core) family 25 model 80 stepping 0 microcode 0x0, cx8, cmov, fxsr, ht, mmx, 3dnowpref, sse, sse2, sse3, ssse3, sse4a, sse4.1, sse4.2, popcnt, lzcnt, tsc, tscinvbit, avx, avx2, aes, erms, clmul, bmi1, bmi2, adx, sha, fma, vzeroupper, clflush, clflushopt, rdtscp, rdpid, fsrm, f16c, pku, cet_ss
Processor Information for processor 0
  Max Mhz: 3301, Current Mhz: 3301, Mhz Limit: 3301
Processor Information for processor 1
  Max Mhz: 3301, Current Mhz: 3301, Mhz Limit: 3301
Processor Information for processor 2
  Max Mhz: 3301, Current Mhz: 3301, Mhz Limit: 3301
Processor Information for processor 3
  Max Mhz: 3301, Current Mhz: 3301, Mhz Limit: 3301
Processor Information for processor 4
  Max Mhz: 3301, Current Mhz: 3301, Mhz Limit: 3301
Processor Information for processor 5
  Max Mhz: 3301, Current Mhz: 3301, Mhz Limit: 3301
Processor Information for processor 6
  Max Mhz: 3301, Current Mhz: 3301, Mhz Limit: 3301
Processor Information for processor 7
  Max Mhz: 3301, Current Mhz: 3301, Mhz Limit: 3301
Processor Information for processor 8
  Max Mhz: 3301, Current Mhz: 3301, Mhz Limit: 3301
Processor Information for processor 9
  Max Mhz: 3301, Current Mhz: 3301, Mhz Limit: 3301
Processor Information for processor 10
  Max Mhz: 3301, Current Mhz: 3301, Mhz Limit: 3301
Processor Information for processor 11
  Max Mhz: 3301, Current Mhz: 2011, Mhz Limit: 3301

Memory: 4k page, system-wide physical 7521M (393M free)
TotalPageFile size 21345M (AvailPageFile size 8M)
current process WorkingSet (physical memory assigned to process): 11M, peak: 11M
current process commit charge ("private bytes"): 64M, peak: 182M

vm_info: Java HotSpot(TM) 64-Bit Server VM (21.0.2+13-LTS-58) for windows-amd64 JRE (21.0.2+13-LTS-58), built on 2024-01-05T18:32:24Z by "mach5one" with MS VC++ 17.1 (VS2022)

END.
